mode: set
weiyigeek.top/studygo/Day08/06unit/splitstring/splitstr.go:10.45,15.17 4 1
weiyigeek.top/studygo/Day08/06unit/splitstring/splitstr.go:24.2,24.15 1 1
weiyigeek.top/studygo/Day08/06unit/splitstring/splitstr.go:28.2,29.12 2 1
weiyigeek.top/studygo/Day08/06unit/splitstring/splitstr.go:15.17,18.21 2 1
weiyigeek.top/studygo/Day08/06unit/splitstring/splitstr.go:21.3,22.34 2 1
weiyigeek.top/studygo/Day08/06unit/splitstring/splitstr.go:18.21,20.4 1 1
weiyigeek.top/studygo/Day08/06unit/splitstring/splitstr.go:24.15,26.3 1 0
